[1mdiff --git a/.classpath b/.classpath[m
[1mdeleted file mode 100644[m
[1mindex f085b78..0000000[m
[1m--- a/.classpath[m
[1m+++ /dev/null[m
[36m@@ -1,46 +0,0 @@[m
[31m-<?xml version="1.0" encoding="UTF-8"?>[m
[31m-<classpath>[m
[31m-	<classpathentry kind="src" output="target/test-classes" path="src/test/java">[m
[31m-		<attributes>[m
[31m-			<attribute name="test" value="true"/>[m
[31m-			<attribute name="optional" value="true"/>[m
[31m-			<attribute name="maven.pomderived" value="true"/>[m
[31m-		</attributes>[m
[31m-	</classpathentry>[m
[31m-	<classpathentry kind="src" output="target/classes" path="src/main/java">[m
[31m-		<attributes>[m
[31m-			<attribute name="optional" value="true"/>[m
[31m-			<attribute name="maven.pomderived" value="true"/>[m
[31m-		</attributes>[m
[31m-	</classpathentry>[m
[31m-	<classpathentry exported="true" kind="con" path="org.eclipse.jdt.launching.JRE_CONTAINER/org.eclipse.jdt.internal.debug.ui.launcher.StandardVMType/JavaSE-1.8"/>[m
[31m-	<classpathentry exported="true" kind="var" path="M2_REPO/junit/junit/4.11/junit-4.11.jar" sourcepath="M2_REPO/junit/junit/4.11/junit-4.11-sources.jar"/>[m
[31m-	<classpathentry exported="true" kind="var" path="M2_REPO/org/hamcrest/hamcrest-core/1.3/hamcrest-core-1.3.jar" sourcepath="M2_REPO/org/hamcrest/hamcrest-core/1.3/hamcrest-core-1.3-sources.jar"/>[m
[31m-	<classpathentry exported="true" kind="con" path="org.eclipse.m2e.MAVEN2_CLASSPATH_CONTAINER">[m
[31m-		<attributes>[m
[31m-			<attribute name="maven.pomderived" value="true"/>[m
[31m-		</attributes>[m
[31m-	</classpathentry>[m
[31m-	<classpathentry exported="true" kind="con" path="org.testng.TESTNG_CONTAINER"/>[m
[31m-	<classpathentry exported="true" kind="lib" path="C:/Users/Don/Desktop/Eclipse_Selenium_Cucumber/selenium-java-3.141.59/client-combined-3.141.59.jar" sourcepath=""/>[m
[31m-	<classpathentry exported="true" kind="lib" path="C:/Users/Don/.m2/repository/info/cukes/cucumber-java/1.2.5/cucumber-java-1.2.5.jar" sourcepath="C:/Users/Don/.m2/repository/info/cukes/cucumber-java/1.2.5/cucumber-java-1.2.5-sources.jar">[m
[31m-		<attributes>[m
[31m-			<attribute name="maven.pomderived" value="true"/>[m
[31m-			<attribute name="maven.groupId" value="info.cukes"/>[m
[31m-			<attribute name="maven.artifactId" value="cucumber-java"/>[m
[31m-			<attribute name="maven.version" value="1.2.5"/>[m
[31m-			<attribute name="maven.scope" value="compile"/>[m
[31m-		</attributes>[m
[31m-	</classpathentry>[m
[31m-	<classpathentry kind="lib" path="C:/Users/Don/jar_files/servlet-api-2.4.jar"/>[m
[31m-	<classpathentry kind="lib" path="C:/Users/Don/jar_files/ant-1.6.5.jar"/>[m
[31m-	<classpathentry kind="lib" path="C:/Users/Don/jar_files/bcprov-jdk15-135.jar"/>[m
[31m-	<classpathentry kind="lib" path="C:/Users/Don/jar_files/commons-codec-1.3.jar"/>[m
[31m-	<classpathentry kind="lib" path="C:/Users/Don/jar_files/commons-logging-1.0.4.jar"/>[m
[31m-	<classpathentry kind="lib" path="C:/Users/Don/jar_files/junit-3.8.1.jar"/>[m
[31m-	<classpathentry kind="lib" path="C:/Users/Don/jar_files/org.mortbay.jetty-5.1.10.jar"/>[m
[31m-	<classpathentry kind="lib" path="C:/Users/Don/jar_files/selenium-core-1.0-20080914.225453.jar"/>[m
[31m-	<classpathentry kind="lib" path="C:/Users/Don/jar_files/selenium-server-1.0-20081010.060147.jar"/>[m
[31m-	<classpathentry kind="lib" path="C:/Users/Don/jar_files/selenium-server-coreless-1.0-20081010.060147.jar"/>[m
[31m-	<classpathentry kind="output" path="target/classes"/>[m
[31m-</classpath>[m
[1mdiff --git a/.project b/.project[m
[1mdeleted file mode 100644[m
[1mindex 0a30362..0000000[m
[1m--- a/.project[m
[1m+++ /dev/null[m
[36m@@ -1,23 +0,0 @@[m
[31m-<?xml version="1.0" encoding="UTF-8"?>[m
[31m-<projectDescription>[m
[31m-	<name>KurtGeiger-Test</name>[m
[31m-	<comment>NO_M2ECLIPSE_SUPPORT: Project files created with the maven-eclipse-plugin are not supported in M2Eclipse.</comment>[m
[31m-	<projects>[m
[31m-	</projects>[m
[31m-	<buildSpec>[m
[31m-		<buildCommand>[m
[31m-			<name>org.eclipse.jdt.core.javabuilder</name>[m
[31m-			<arguments>[m
[31m-			</arguments>[m
[31m-		</buildCommand>[m
[31m-		<buildCommand>[m
[31m-			<name>org.eclipse.m2e.core.maven2Builder</name>[m
[31m-			<arguments>[m
[31m-			</arguments>[m
[31m-		</buildCommand>[m
[31m-	</buildSpec>[m
[31m-	<natures>[m
[31m-		<nature>org.eclipse.m2e.core.maven2Nature</nature>[m
[31m-		<nature>org.eclipse.jdt.core.javanature</nature>[m
[31m-	</natures>[m
[31m-</projectDescription>[m
[1mdiff --git a/.settings/org.eclipse.core.resources.prefs b/.settings/org.eclipse.core.resources.prefs[m
[1mdeleted file mode 100644[m
[1mindex f9fe345..0000000[m
[1m--- a/.settings/org.eclipse.core.resources.prefs[m
[1m+++ /dev/null[m
[36m@@ -1,4 +0,0 @@[m
[31m-eclipse.preferences.version=1[m
[31m-encoding//src/main/java=UTF-8[m
[31m-encoding//src/test/java=UTF-8[m
[31m-encoding/<project>=UTF-8[m
[1mdiff --git a/.settings/org.eclipse.jdt.core.prefs b/.settings/org.eclipse.jdt.core.prefs[m
[1mdeleted file mode 100644[m
[1mindex 0135cbf..0000000[m
[1m--- a/.settings/org.eclipse.jdt.core.prefs[m
[1m+++ /dev/null[m
[36m@@ -1,116 +0,0 @@[m
[31m-eclipse.preferences.version=1[m
[31m-org.eclipse.jdt.core.compiler.annotation.inheritNullAnnotations=disabled[m
[31m-org.eclipse.jdt.core.compiler.annotation.missingNonNullByDefaultAnnotation=ignore[m
[31m-org.eclipse.jdt.core.compiler.annotation.nonnull=org.eclipse.jdt.annotation.NonNull[m
[31m-org.eclipse.jdt.core.compiler.annotation.nonnull.secondary=[m
[31m-org.eclipse.jdt.core.compiler.annotation.nonnullbydefault=org.eclipse.jdt.annotation.NonNullByDefault[m
[31m-org.eclipse.jdt.core.compiler.annotation.nonnullbydefault.secondary=[m
[31m-org.eclipse.jdt.core.compiler.annotation.nullable=org.eclipse.jdt.annotation.Nullable[m
[31m-org.eclipse.jdt.core.compiler.annotation.nullable.secondary=[m
[31m-org.eclipse.jdt.core.compiler.annotation.nullanalysis=disabled[m
[31m-org.eclipse.jdt.core.compiler.codegen.inlineJsrBytecode=enabled[m
[31m-org.eclipse.jdt.core.compiler.codegen.methodParameters=do not generate[m
[31m-org.eclipse.jdt.core.compiler.codegen.targetPlatform=1.8[m
[31m-org.eclipse.jdt.core.compiler.codegen.unusedLocal=preserve[m
[31m-org.eclipse.jdt.core.compiler.compliance=1.8[m
[31m-org.eclipse.jdt.core.compiler.debug.lineNumber=generate[m
[31m-org.eclipse.jdt.core.compiler.debug.localVariable=generate[m
[31m-org.eclipse.jdt.core.compiler.debug.sourceFile=generate[m
[31m-org.eclipse.jdt.core.compiler.problem.APILeak=warning[m
[31m-org.eclipse.jdt.core.compiler.problem.annotationSuperInterface=warning[m
[31m-org.eclipse.jdt.core.compiler.problem.assertIdentifier=error[m
[31m-org.eclipse.jdt.core.compiler.problem.autoboxing=ignore[m
[31m-org.eclipse.jdt.core.compiler.problem.comparingIdentical=warning[m
[31m-org.eclipse.jdt.core.compiler.problem.deadCode=warning[m
[31m-org.eclipse.jdt.core.compiler.problem.deprecation=warning[m
[31m-org.eclipse.jdt.core.compiler.problem.deprecationInDeprecatedCode=disabled[m
[31m-org.eclipse.jdt.core.compiler.problem.deprecationWhenOverridingDeprecatedMethod=disabled[m
[31m-org.eclipse.jdt.core.compiler.problem.discouragedReference=warning[m
[31m-org.eclipse.jdt.core.compiler.problem.emptyStatement=ignore[m
[31m-org.eclipse.jdt.core.compiler.problem.enablePreviewFeatures=disabled[m
[31m-org.eclipse.jdt.core.compiler.problem.enumIdentifier=error[m
[31m-org.eclipse.jdt.core.compiler.problem.explicitlyClosedAutoCloseable=ignore[m
[31m-org.eclipse.jdt.core.compiler.problem.fallthroughCase=ignore[m
[31m-org.eclipse.jdt.core.compiler.problem.fatalOptionalError=disabled[m
[31m-org.eclipse.jdt.core.compiler.problem.fieldHiding=ignore[m
[31m-org.eclipse.jdt.core.compiler.problem.finalParameterBound=warning[m
[31m-org.eclipse.jdt.core.compiler.problem.finallyBlockNotCompletingNormally=warning[m
[31m-org.eclipse.jdt.core.compiler.problem.forbiddenReference=warning[m
[31m-org.eclipse.jdt.core.compiler.problem.hiddenCatchBlock=warning[m
[31m-org.eclipse.jdt.core.compiler.problem.includeNullInfoFromAsserts=disabled[m
[31m-org.eclipse.jdt.core.compiler.problem.incompatibleNonInheritedInterfaceMethod=warning[m
[31m-org.eclipse.jdt.core.compiler.problem.incompleteEnumSwitch=warning[m
[31m-org.eclipse.jdt.core.compiler.problem.indirectStaticAccess=ignore[m
[31m-org.eclipse.jdt.core.compiler.problem.localVariableHiding=ignore[m
[31m-org.eclipse.jdt.core.compiler.problem.methodWithConstructorName=warning[m
[31m-org.eclipse.jdt.core.compiler.problem.missingDefaultCase=ignore[m
[31m-org.eclipse.jdt.core.compiler.problem.missingDeprecatedAnnotation=ignore[m
[31m-org.eclipse.jdt.core.compiler.problem.missingEnumCaseDespiteDefault=disabled[m
[31m-org.eclipse.jdt.core.compiler.problem.missingHashCodeMethod=ignore[m
[31m-org.eclipse.jdt.core.compiler.problem.missingOverrideAnnotation=ignore[m
[31m-org.eclipse.jdt.core.compiler.problem.missingOverrideAnnotationForInterfaceMethodImplementation=enabled[m
[31m-org.eclipse.jdt.core.compiler.problem.missingSerialVersion=warning[m
[31m-org.eclipse.jdt.core.compiler.problem.missingSynchronizedOnInheritedMethod=ignore[m
[31m-org.eclipse.jdt.core.compiler.problem.noEffectAssignment=warning[m
[31m-org.eclipse.jdt.core.compiler.problem.noImplicitStringConversion=warning[m
[31m-org.eclipse.jdt.core.compiler.problem.nonExternalizedStringLiteral=ignore[m
[31m-org.eclipse.jdt.core.compiler.problem.nonnullParameterAnnotationDropped=warning[m
[31m-org.eclipse.jdt.core.compiler.problem.nonnullTypeVariableFromLegacyInvocation=warning[m
[31m-org.eclipse.jdt.core.compiler.problem.nullAnnotationInferenceConflict=error[m
[31m-org.eclipse.jdt.core.compiler.problem.nullReference=warning[m
[31m-org.eclipse.jdt.core.compiler.problem.nullSpecViolation=error[m
[31m-org.eclipse.jdt.core.compiler.problem.nullUncheckedConversion=warning[m
[31m-org.eclipse.jdt.core.compiler.problem.overridingPackageDefaultMethod=warning[m
[31m-org.eclipse.jdt.core.compiler.problem.parameterAssignment=ignore[m
[31m-org.eclipse.jdt.core.compiler.problem.pessimisticNullAnalysisForFreeTypeVariables=warning[m
[31m-org.eclipse.jdt.core.compiler.problem.possibleAccidentalBooleanAssignment=ignore[m
[31m-org.eclipse.jdt.core.compiler.problem.potentialNullReference=ignore[m
[31m-org.eclipse.jdt.core.compiler.problem.potentiallyUnclosedCloseable=ignore[m
[31m-org.eclipse.jdt.core.compiler.problem.rawTypeReference=warning[m
[31m-org.eclipse.jdt.core.compiler.problem.redundantNullAnnotation=warning[m
[31m-org.eclipse.jdt.core.compiler.problem.redundantNullCheck=ignore[m
[31m-org.eclipse.jdt.core.compiler.problem.redundantSpecificationOfTypeArguments=ignore[m
[31m-org.eclipse.jdt.core.compiler.problem.redundantSuperinterface=ignore[m
[31m-org.eclipse.jdt.core.compiler.problem.reportMethodCanBePotentiallyStatic=ignore[m
[31m-org.eclipse.jdt.core.compiler.problem.reportMethodCanBeStatic=ignore[m
[31m-org.eclipse.jdt.core.compiler.problem.reportPreviewFeatures=warning[m
[31m-org.eclipse.jdt.core.compiler.problem.specialParameterHidingField=disabled[m
[31m-org.eclipse.jdt.core.compiler.problem.staticAccessReceiver=warning[m
[31m-org.eclipse.jdt.core.compiler.problem.suppressOptionalErrors=disabled[m
[31m-org.eclipse.jdt.core.compiler.problem.suppressWarnings=enabled[m
[31m-org.eclipse.jdt.core.compiler.problem.suppressWarningsNotFullyAnalysed=info[m
[31m-org.eclipse.jdt.core.compiler.problem.syntacticNullAnalysisForFields=disabled[m
[31m-org.eclipse.jdt.core.compiler.problem.syntheticAccessEmulation=ignore[m
[31m-org.eclipse.jdt.core.compiler.problem.terminalDeprecation=warning[m
[31m-org.eclipse.jdt.core.compiler.problem.typeParameterHiding=warning[m
[31m-org.eclipse.jdt.core.compiler.problem.unavoidableGenericTypeProblems=enabled[m
[31m-org.eclipse.jdt.core.compiler.problem.uncheckedTypeOperation=warning[m
[31m-org.eclipse.jdt.core.compiler.problem.unclosedCloseable=warning[m
[31m-org.eclipse.jdt.core.compiler.problem.undocumentedEmptyBlock=ignore[m
[31m-org.eclipse.jdt.core.compiler.problem.unhandledWarningToken=warning[m
[31m-org.eclipse.jdt.core.compiler.problem.unlikelyCollectionMethodArgumentType=warning[m
[31m-org.eclipse.jdt.core.compiler.problem.unlikelyCollectionMethodArgumentTypeStrict=disabled[m
[31m-org.eclipse.jdt.core.compiler.problem.unlikelyEqualsArgumentType=info[m
[31m-org.eclipse.jdt.core.compiler.problem.unnecessaryElse=ignore[m
[31m-org.eclipse.jdt.core.compiler.problem.unnecessaryTypeCheck=ignore[m
[31m-org.eclipse.jdt.core.compiler.problem.unqualifiedFieldAccess=ignore[m
[31m-org.eclipse.jdt.core.compiler.problem.unstableAutoModuleName=warning[m
[31m-org.eclipse.jdt.core.compiler.problem.unusedDeclaredThrownException=ignore[m
[31m-org.eclipse.jdt.core.compiler.problem.unusedDeclaredThrownExceptionExemptExceptionAndThrowable=enabled[m
[31m-org.eclipse.jdt.core.compiler.problem.unusedDeclaredThrownExceptionIncludeDocCommentReference=enabled[m
[31m-org.eclipse.jdt.core.compiler.problem.unusedDeclaredThrownExceptionWhenOverriding=disabled[m
[31m-org.eclipse.jdt.core.compiler.problem.unusedExceptionParameter=ignore[m
[31m-org.eclipse.jdt.core.compiler.problem.unusedImport=warning[m
[31m-org.eclipse.jdt.core.compiler.problem.unusedLabel=warning[m
[31m-org.eclipse.jdt.core.compiler.problem.unusedLocal=warning[m
[31m-org.eclipse.jdt.core.compiler.problem.unusedObjectAllocation=ignore[m
[31m-org.eclipse.jdt.core.compiler.problem.unusedParameter=ignore[m
[31m-org.eclipse.jdt.core.compiler.problem.unusedParameterIncludeDocCommentReference=enabled[m
[31m-org.eclipse.jdt.core.compiler.problem.unusedParameterWhenImplementingAbstract=disabled[m
[31m-org.eclipse.jdt.core.compiler.problem.unusedParameterWhenOverridingConcrete=disabled[m
[31m-org.eclipse.jdt.core.compiler.problem.unusedPrivateMember=warning[m
[31m-org.eclipse.jdt.core.compiler.problem.unusedTypeParameter=ignore[m
[31m-org.eclipse.jdt.core.compiler.problem.unusedWarningToken=warning[m
[31m-org.eclipse.jdt.core.compiler.problem.varargsArgumentNeedCast=warning[m
[31m-org.eclipse.jdt.core.compiler.release=disabled[m
[31m-org.eclipse.jdt.core.compiler.source=1.8[m
[1mdiff --git a/.settings/org.eclipse.m2e.core.prefs b/.settings/org.eclipse.m2e.core.prefs[m
[1mdeleted file mode 100644[m
[1mindex f897a7f..0000000[m
[1m--- a/.settings/org.eclipse.m2e.core.prefs[m
[1m+++ /dev/null[m
[36m@@ -1,4 +0,0 @@[m
[31m-activeProfiles=[m
[31m-eclipse.preferences.version=1[m
[31m-resolveWorkspaceProjects=true[m
[31m-version=1[m
[1mdiff --git a/README.md b/README.md[m
[1mindex f336d6b..e76fa54 100644[m
[1m--- a/README.md[m
[1m+++ b/README.md[m
[36m@@ -1,2 +1 @@[m
[31m-"# KurtGeiger-Test1" [m
[31m-"# KurtGeiger-Test1" [m
[32m+[m[32m# KurtGeiger-Test[m
\ No newline at end of file[m
[1mdiff --git a/ean b/ean[m
[1mdeleted file mode 100644[m
[1mindex 4915107..0000000[m
[1m--- a/ean[m
[1m+++ /dev/null[m
[36m@@ -1,14 +0,0 @@[m
[31m-[INFO] Scanning for projects...[m
[31m-[INFO] ------------------------------------------------------------------------[m
[31m-[INFO] BUILD FAILURE[m
[31m-[INFO] ------------------------------------------------------------------------[m
[31m-[INFO] Total time:  0.078 s[m
[31m-[INFO] Finished at: 2020-01-03T06:51:50Z[m
[31m-[INFO] ------------------------------------------------------------------------[m
[31m-[ERROR] No goals have been specified for this build. You must specify a valid lifecycle phase or a goal in the format <plugin-prefix>:<goal> or <plugin-group-id>:<plugin-artifact-id>[:<plugin-version>]:<goal>. Available lifecycle phases are: validate, initialize, generate-sources, process-sources, generate-resources, process-resources, compile, process-classes, generate-test-sources, process-test-sources, generate-test-resources, process-test-resources, test-compile, process-test-classes, test, prepare-package, package, pre-integration-test, integration-test, post-integration-test, verify, install, deploy, pre-clean, clean, post-clean, pre-site, site, post-site, site-deploy. -> [Help 1][m
[31m-[ERROR] [m
[31m-[ERROR] To see the full stack trace of the errors, re-run Maven with the -e switch.[m
[31m-[ERROR] Re-run Maven using the -X switch to enable full debug logging.[m
[31m-[ERROR] [m
[31m-[ERROR] For more information about the errors and possible solutions, please read the following articles:[m
[31m-[ERROR] [Help 1] http://cwiki.apache.org/confluence/display/MAVEN/NoGoalSpecifiedException[m
[1mdiff --git a/pom.xml b/pom.xml[m
[1mdeleted file mode 100644[m
[1mindex eaa7553..0000000[m
[1m--- a/pom.xml[m
[1m+++ /dev/null[m
[36m@@ -1,156 +0,0 @@[m
[31m-<?xml version="1.0" encoding="UTF-8"?>[m
[31m-[m
[31m-<project xmlns="http://maven.apache.org/POM/4.0.0" xmlns:xsi="http://www.w3.org/2001/XMLSchema-instance"[m
[31m-  xsi:schemaLocation="http://maven.apache.org/POM/4.0.0 http://maven.apache.org/xsd/maven-4.0.0.xsd">[m
[31m-  <modelVersion>4.0.0</modelVersion>[m
[31m-[m
[31m-  <groupId>KurtGeiger</groupId>[m
[31m-  <artifactId>KurtGeiger-Test</artifactId>[m
[31m-  <version>1.0-SNAPSHOT</version>[m
[31m-[m
[31m-  <name>KurtGeiger-Test</name>[m
[31m-  <!-- FIXME change it to the project's website -->[m
[31m-  <url>http://www.example.com</url>[m
[31m-[m
[31m-  <properties>[m
[31m-    <project.build.sourceEncoding>UTF-8</project.build.sourceEncoding>[m
[31m-    <maven.compiler.source>1.7</maven.compiler.source>[m
[31m-    <maven.compiler.target>1.7</maven.compiler.target>[m
[31m-  </properties>[m
[31m-  [m
[31m-  <dependencies>[m
[31m-  [m
[31m-<!-- https://mvnrepository.com/artifact/org.seleniumhq.selenium/selenium-api -->[m
[31m-<dependency>[m
[31m-    <groupId>org.seleniumhq.selenium</groupId>[m
[31m-    <artifactId>selenium-api</artifactId>[m
[31m-    <version>3.13.0</version>[m
[31m-</dependency>[m
[31m-[m
[31m-  <!-- https://mvnrepository.com/artifact/org.seleniumhq.selenium/selenium-remote-driver -->[m
[31m-<dependency>[m
[31m-    <groupId>org.seleniumhq.selenium</groupId>[m
[31m-    <artifactId>selenium-remote-driver</artifactId>[m
[31m-    <version>3.13.0</version>[m
[31m-</dependency>[m
[31m-[m
[31m-<!-- https://mvnrepository.com/artifact/org.seleniumhq.selenium/selenium-support -->[m
[31m-<dependency>[m
[31m-    <groupId>org.seleniumhq.selenium</groupId>[m
[31m-    <artifactId>selenium-support</artifactId>[m
[31m-    <version>3.13.0</version>[m
[31m-</dependency>[m
[31m-  <dependency>[m
[31m-    <groupId>org.seleniumhq.selenium</groupId>[m
[31m-    <artifactId>selenium-chrome-driver</artifactId>[m
[31m-    <version>3.13.0</version>[m
[31m-</dependency>[m
[31m-<!-- https://mvnrepository.com/artifact/io.rest-assured/rest-assured -->[m
[31m-<dependency>[m
[31m-    <groupId>io.rest-assured</groupId>[m
[31m-    <artifactId>rest-assured</artifactId>[m
[31m-    <version>4.1.2</version>[m
[31m-    <scope>test</scope>[m
[31m-</dependency>[m
[31m-[m
[31m-  <dependency>[m
[31m-    <groupId>org.seleniumhq.selenium</groupId>[m
[31m-    <artifactId>selenium-java</artifactId>[m
[31m-    <version>3.13.0</version>[m
[31m-</dependency>[m
[31m-[m
[31m-<!-- https://mvnrepository.com/artifact/org.seleniumhq.selenium.fluent/fluent-selenium -->[m
[31m-<dependency>[m
[31m-    <groupId>org.seleniumhq.selenium.fluent</groupId>[m
[31m-    <artifactId>fluent-selenium</artifactId>[m
[31m-    <version>1.19</version>[m
[31m-</dependency>[m
[31m-[m
[31m-<!-- https://mvnrepository.com/artifact/info.cukes/cucumber-core -->[m
[31m-<dependency>[m
[31m-    <groupId>info.cukes</groupId>[m
[31m-    <artifactId>cucumber-core</artifactId>[m
[31m-    <version>1.2.5</version>[m
[31m-</dependency>[m
[31m-[m
[31m-  <dependency>[m
[31m-    <groupId>io.cucumber</groupId>[m
[31m-    <artifactId>cucumber-java</artifactId>[m
[31m-    <version>5.0.0-RC4</version>[m
[31m-</dependency>[m
[31m-<!-- https://mvnrepository.com/artifact/info.cukes/cucumber-junit -->[m
[31m-<dependency>[m
[31m-    <groupId>info.cukes</groupId>[m
[31m-    <artifactId>cucumber-junit</artifactId>[m
[31m-    <version>1.2.3</version>[m
[31m-    <scope>test</scope>[m
[31m-</dependency>[m
[31m-<!-- https://mvnrepository.com/artifact/junit/junit -->[m
[31m-<dependency>[m
[31m-    <groupId>junit</groupId>[m
[31m-    <artifactId>junit</artifactId>[m
[31m-    <version>4.12</version>[m
[31m-    <scope>test</scope>[m
[31m-</dependency>[m
[31m-[m
[31m-[m
[31m-[m
[31m-<!-- https://mvnrepository.com/artifact/org.testng/testng -->[m
[31m-<dependency>[m
[31m-    <groupId>org.testng</groupId>[m
[31m-    <artifactId>testng</artifactId>[m
[31m-    <version>7.1.0</version>[m
[31m-    <scope>test</scope>[m
[31m-</dependency>[m
[31m-[m
[31m-</dependencies>[m
[31m-  [m
[31m- <build>[m
[31m-    <pluginManagement>[m
[31m-      <plugins>[m
[31m-        <plugin>[m
[31m-          <groupId>org.apache.maven.plugins</groupId>[m
[31m-          <artifactId>maven-surefire-plugin</artifactId>[m
[31m-          <version>3.0.0-M4</version>[m
[31m-          </plugin>[m
[31m-      </plugins>[m
[31m-    </pluginManagement>[m
[31m-        <plugins>[m
[31m-        <!-- clean lifecycle, see https://maven.apache.org/ref/current/maven-core/lifecycles.html#clean_Lifecycle -->[m
[31m-        <plugin>[m
[31m-          <artifactId>maven-clean-plugin</artifactId>[m
[31m-          <version>3.1.0</version>[m
[31m-        </plugin>[m
[31m-        <!-- default lifecycle, jar packaging: see https://maven.apache.org/ref/current/maven-core/default-bindings.html#Plugin_bindings_for_jar_packaging -->[m
[31m-        <plugin>[m
[31m-          <artifactId>maven-resources-plugin</artifactId>[m
[31m-          <version>3.0.2</version>[m
[31m-        </plugin>[m
[31m-        <plugin>[m
[31m-          <artifactId>maven-compiler-plugin</artifactId>[m
[31m-          <version>3.8.0</version>[m
[31m-        </plugin>[m
[31m-        <plugin>[m
[31m-          <artifactId>maven-jar-plugin</artifactId>[m
[31m-          <version>3.0.2</version>[m
[31m-        </plugin>[m
[31m-        <plugin>[m
[31m-          <artifactId>maven-install-plugin</artifactId>[m
[31m-          <version>2.5.2</version>[m
[31m-        </plugin>[m
[31m-        <plugin>[m
[31m-          <artifactId>maven-deploy-plugin</artifactId>[m
[31m-          <version>2.8.2</version>[m
[31m-        </plugin>[m
[31m-        <!-- site lifecycle, see https://maven.apache.org/ref/current/maven-core/lifecycles.html#site_Lifecycle -->[m
[31m-        <plugin>[m
[31m-          <artifactId>maven-site-plugin</artifactId>[m
[31m-          <version>3.7.1</version>[m
[31m-        </plugin>[m
[31m-        <plugin>[m
[31m-          <artifactId>maven-project-info-reports-plugin</artifactId>[m
[31m-          <version>3.0.0</version>[m
[31m-        </plugin>[m
[31m-      </plugins>[m
[31m-   </build>[m
[31m-</project>[m
\ No newline at end of file[m
[1mdiff --git a/src/main/java/KurtGeiger/App.java b/src/main/java/KurtGeiger/App.java[m
[1mdeleted file mode 100644[m
[1mindex d754689..0000000[m
[1m--- a/src/main/java/KurtGeiger/App.java[m
[1m+++ /dev/null[m
[36m@@ -1,13 +0,0 @@[m
[31m-package KurtGeiger;[m
[31m-[m
[31m-/**[m
[31m- * Hello world![m
[31m- *[m
[31m- */[m
[31m-public class App [m
[31m-{[m
[31m-    public static void main( String[] args )[m
[31m-    {[m
[31m-        System.out.println( "Hello World!" );[m
[31m-    }[m
[31m-}[m
[1mdiff --git a/src/test/java/KurtGeiger/Brand.java b/src/test/java/KurtGeiger/Brand.java[m
[1mdeleted file mode 100644[m
[1mindex 20faa41..0000000[m
[1m--- a/src/test/java/KurtGeiger/Brand.java[m
[1m+++ /dev/null[m
[36m@@ -1,84 +0,0 @@[m
[31m-package KurtGeiger;[m
[31m-import org.openqa.selenium.By;[m
[31m-import org.openqa.selenium.JavascriptExecutor;[m
[31m-import org.openqa.selenium.WebDriver;[m
[31m-import org.openqa.selenium.chrome.ChromeDriver;[m
[31m-import org.openqa.selenium.support.ui.ExpectedConditions;[m
[31m-import org.openqa.selenium.support.ui.WebDriverWait;[m
[31m-import org.testng.annotations.BeforeMethod;[m
[31m-import org.testng.annotations.Parameters;[m
[31m-import org.testng.annotations.Test;[m
[31m-@Test[m
[31m-@Parameters({"URL"})[m
[31m-[m
[31m-public class Brand extends MainPage {[m
[31m-	[m
[31m-		public Brand(WebDriver driver) {[m
[31m-		super(driver);[m
[31m-		// TODO Auto-generated constructor stub[m
[31m-	}[m
[31m-		public void BrandListPage()[m
[31m-		{[m
[31m-		[m
[31m-		}[m
[31m-		[m
[31m-		@BeforeMethod[m
[31m-		[m
[31m-		public void beforemethod()[m
[31m-		[m
[31m-		{[m
[31m-			System.out.println("BrandListPage");[m
[31m-		}[m
[31m-		public static void main(String[] urlname) {  [m
[31m-		// TODO Auto-generated method stub[m
[31m-		[m
[31m-		//Create main page to invoke URL under test.[m
[31m-				[m
[31m-		//invoke .exe file from local[m
[31m-		[m
[31m-		/*DesiredCapabilities ch= DesiredCapabilities.chrome();[m
[31m-		ch.acceptInsecureCerts();[m
[31m-		ChromeOptions c= new ChromeOptions();[m
[31m-		c.merge(ch);*/[m
[31m-		[m
[31m-	[m
[31m-		[m
[31m-		System.setProperty("webdriver.chrome.driver","C:\\Users\\Don\\Desktop\\Eclipse_Selenium_Cucumber\\chromedriver_win32\\chromedriver.exe");[m
[31m-		[m
[31m-		[m
[31m-		WebDriver driver=new ChromeDriver();[m
[31m-		driver.manage().window().maximize();[m
[31m-		driver.manage().deleteAllCookies();[m
[31m-		[m
[31m-		driver.get("https://www.kurtgeiger.es/");[m
[31m-		[m
[31m-		System.out.println(driver.getTitle()); // validate the Page Title[m
[31m-		[m
[31m-		System.out.println(driver.getCurrentUrl()); // validate URL is correct[m
[31m-		[m
[31m-		// Handling Cookies message of main page.[m
[31m-		[m
[31m-		driver.findElement(By.id("cookie-notice-accept")).click();[m
[31m-		[m
[31m-		driver.findElement(By.xpath("//*[@id=\"top-nav\"]/ul/li[7]/div[1]/a/span")).click();[m
[31m-		[m
[31m-		JavascriptExecutor jse1 = (JavascriptExecutor)driver;[m
[31m-		jse1.executeScript("scroll(0, 250);");[m
[31m-        [m
[31m-		// clicking on Brand -DKNY[m
[31m-		[m
[31m-		driver.findElement(By.xpath("//*[@id=\"tab1\"]/div[1]/ul/li[15]/a")).click();[m
[31m-		[m
[31m-		[m
[31m-		WebDriverWait wait = new WebDriverWait(driver, 10);[m
[31m-		wait.until(ExpectedConditions.visibilityOfElementLocated(By.xpath("//*[@id=\"top\"]/body/div[1]/div/div[5]/div/div[3]")));[m
[31m-				[m
[31m-		[m
[31m-		driver.close(); //It closes current browser[m
[31m-	}[m
[31m-[m
[31m-		[m
[31m-	[m
[31m-	}[m
[31m-[m
[31m-	[m
[1mdiff --git a/src/test/java/KurtGeiger/MainPage.java b/src/test/java/KurtGeiger/MainPage.java[m
[1mdeleted file mode 100644[m
[1mindex 7019d12..0000000[m
[1m--- a/src/test/java/KurtGeiger/MainPage.java[m
[1m+++ /dev/null[m
[36m@@ -1,85 +0,0 @@[m
[31m-package KurtGeiger;[m
[31m-import org.openqa.selenium.By;[m
[31m-import org.openqa.selenium.WebDriver;[m
[31m-import org.openqa.selenium.chrome.ChromeDriver;[m
[31m-//import org.openqa.selenium.chrome.ChromeOptions;[m
[31m-//import org.openqa.selenium.chrome.ChromeOptions;[m
[31m-//import org.openqa.selenium.remote.DesiredCapabilities;[m
[31m-import org.testng.annotations.BeforeMethod;[m
[31m-import org.testng.annotations.Parameters;[m
[31m-import org.testng.annotations.Test;[m
[31m-[m
[31m-public class MainPage {[m
[31m-[m
[31m-public MainPage(WebDriver driver) {[m
[31m-		// TODO Auto-generated constructor stub[m
[31m-	}[m
[31m-[m
[31m-@Parameters({"URL"})[m
[31m-	@Test[m
[31m-	[m
[31m-	public void HomePageLanding()[m
[31m-	{[m
[31m-	[m
[31m-	}[m
[31m-	[m
[31m-	@BeforeMethod[m
[31m-	[m
[31m-	public void beforemethod()[m
[31m-	[m
[31m-	{[m
[31m-		System.out.println("before executing method");[m
[31m-	}[m
[31m-	public static void main(String[] urlname) {[m
[31m-		// TODO Auto-generated method stub[m
[31m-		[m
[31m-		//Create main page to invoke URL under test.[m
[31m-		[m
[31m-		//DesiredCapabilities ch= DesiredCapabilities.chrome();[m
[31m-		//ch.acceptInsecureCerts();[m
[31m-		/*ChromeOptions options= new ChromeOptions();[m
[31m-		options.addArguments("headless");*/[m
[31m-		[m
[31m-		//c.merge(ch);[m
[31m-		[m
[31m-		[m
[31m-		[m
[31m-		System.setProperty("webdriver.chrome.driver","C:\\Users\\Don\\Desktop\\Eclipse_Selenium_Cucumber\\chromedriver_win32\\chromedriver.exe");[m
[31m-		[m
[31m-		WebDriver driver=new ChromeDriver();[m
[31m-		 	    [m
[31m-		driver.manage().window().maximize();[m
[31m-		    [m
[31m-		driver.manage().deleteAllCookies();		[m
[31m-		[m
[31m-		driver.get("https://www.kurtgeiger.es/");[m
[31m-		[m
[31m-		System.out.println(driver.getTitle()); // validate the Page Title[m
[31m-		[m
[31m-		System.out.println(driver.getCurrentUrl()); // validate URL is correct[m
[31m-		[m
[31m-		// Handling Cookies message of main page.[m
[31m-		[m
[31m-		driver.findElement(By.id("cookie-notice-accept")).click();[m
[31m-		[m
[31m-		driver.manage().deleteCookieNamed("cookie-notice-accept");[m
[31m-		[m
[31m-		driver.findElement(By.xpath("//*[@id=\"top-nav\"]/ul/li[7]/div[1]/a/span")).click();[m
[31m-	[m
[31m-		driver.close(); //It closes current browser 	[m
[31m-	[m
[31m-[m
[31m-}[m
[31m-[m
[31m-	[m
[31m-		[m
[31m-	}[m
[31m-[m
[31m-	[m
[31m-		[m
[31m-	[m
[31m-		[m
[31m-		[m
[31m-[m
[31m-	[m
[31m-[m
[1mdiff --git a/src/test/java/KurtGeiger/Men_Cat.java b/src/test/java/KurtGeiger/Men_Cat.java[m
[1mdeleted file mode 100644[m
[1mindex a4fe58a..0000000[m
[1m--- a/src/test/java/KurtGeiger/Men_Cat.java[m
[1m+++ /dev/null[m
[36m@@ -1,68 +0,0 @@[m
[31m-package KurtGeiger;[m
[31m-import org.openqa.selenium.By;[m
[31m-import org.openqa.selenium.JavascriptExecutor;[m
[31m-import org.openqa.selenium.WebDriver;[m
[31m-import org.openqa.selenium.chrome.ChromeDriver;[m
[31m-//import org.openqa.selenium.chrome.ChromeOptions;[m
[31m-//import org.openqa.selenium.remote.DesiredCapabilities;[m
[31m-import org.openqa.selenium.support.ui.ExpectedConditions;[m
[31m-import org.openqa.selenium.support.ui.WebDriverWait;[m
[31m-//import org.testng.annotations.BeforeMethod;[m
[31m-import org.testng.annotations.Parameters;[m
[31m-import org.testng.annotations.Test;[m
[31m-[m
[31m-public class Men_Cat {[m
[31m-	[m
[31m-@Parameters({"URL"})[m
[31m-@Test[m
[31m-[m
[31m-public void MenCategory()[m
[31m-{[m
[31m-[m
[31m-}[m
[31m-[m
[31m-[m
[31m-[m
[31m-	public static void main(String[] args) {[m
[31m-		// TODO Auto-generated method stub[m
[31m-		[m
[31m-		//Create main page to invoke URL under test.[m
[31m-				[m
[31m-		//invoke .exe file from local[m
[31m-	[m
[31m-	[m
[31m-	/*DesiredCapabilities ch= DesiredCapabilities.chrome();[m
[31m-	ch.acceptInsecureCerts();[m
[31m-	ChromeOptions c= new ChromeOptions();[m
[31m-	c.merge(ch);*/[m
[31m-		[m
[31m-		System.setProperty("webdriver.chrome.driver","C:\\Users\\Don\\Desktop\\Eclipse_Selenium_Cucumber\\chromedriver_win32\\chromedriver.exe");[m
[31m-		[m
[31m-		WebDriver driver=new ChromeDriver();[m
[31m-		driver.manage().window().maximize();[m
[31m-		driver.manage().deleteAllCookies();[m
[31m-		[m
[31m-		driver.get("https://www.kurtgeiger.es/");[m
[31m-		[m
[31m-		System.out.println(driver.getTitle()); // validate the Page Title[m
[31m-		[m
[31m-		System.out.println(driver.getCurrentUrl()); // validate URL is correct[m
[31m-		[m
[31m-		// Handling Cookies message of main page.[m
[31m-		[m
[31m-		driver.findElement(By.id("cookie-notice-accept")).click();[m
[31m-		[m
[31m-		driver.findElement(By.xpath("//*[@id=\"top-nav\"]/ul/li[5]/div[1]/a")).click();[m
[31m-		[m
[31m-		JavascriptExecutor jse1 = (JavascriptExecutor)driver;[m
[31m-		jse1.executeScript("scroll(0, 250);");[m
[31m-		[m
[31m-		driver.findElement(By.xpath("//*[@id=\"social_proof_plp_3957900979\"]/h3/a")).click();[m
[31m-		[m
[31m-		WebDriverWait wait = new WebDriverWait(driver, 5);[m
[31m-		wait.until(ExpectedConditions.visibilityOfElementLocated(By.xpath("//*[@id=\"top\"]/body/div[1]/div/div[5]/div/div[3]")));[m
[31m-		[m
[31m-				[m
[31m-		driver.close(); //It closes current browser[m
[31m-	}[m
[31m-}[m
\ No newline at end of file[m
[1mdiff --git a/src/test/java/KurtGeiger/PDP_checkout.java b/src/test/java/KurtGeiger/PDP_checkout.java[m
[1mdeleted file mode 100644[m
[1mindex 8d157bb..0000000[m
[1m--- a/src/test/java/KurtGeiger/PDP_checkout.java[m
[1m+++ /dev/null[m
[36m@@ -1,161 +0,0 @@[m
[31m-package KurtGeiger;[m
[31m-import java.util.concurrent.TimeUnit;[m
[31m-[m
[31m-import org.openqa.selenium.By;[m
[31m-import org.openqa.selenium.JavascriptExecutor;[m
[31m-import org.openqa.selenium.WebDriver;[m
[31m-//import org.openqa.selenium.WebElement;[m
[31m-import org.openqa.selenium.chrome.ChromeDriver;[m
[31m-import org.openqa.selenium.support.ui.ExpectedConditions;[m
[31m-import org.openqa.selenium.support.ui.WebDriverWait;[m
[31m-//import org.openqa.selenium.chrome.ChromeOptions;[m
[31m-//import org.openqa.selenium.remote.DesiredCapabilities;[m
[31m-//import org.openqa.selenium.support.ui.ExpectedConditions;[m
[31m-//import org.openqa.selenium.support.ui.WebDriverWait;[m
[31m-//import org.testng.annotations.BeforeTest;[m
[31m-import org.testng.annotations.Parameters;[m
[31m-import org.testng.annotations.Test;[m
[31m-[m
[31m-[m
[31m-[m
[31m-public class PDP_checkout {[m
[31m-[m
[31m-	@Parameters({"URL"})[m
[31m-	[m
[31m-	@Test[m
[31m-	public void PDPCheckout()[m
[31m-	{[m
[31m-	[m
[31m-	}[m
[31m-	[m
[31m-	[m
[31m-	public static void main(String[] args)  throws InterruptedException {[m
[31m-	[m
[31m-		// TODO Auto-generated method stub[m
[31m-		[m
[31m-		/*DesiredCapabilities ch= DesiredCapabilities.chrome();[m
[31m-		ch.acceptInsecureCerts();[m
[31m-		ChromeOptions c= new ChromeOptions();[m
[31m-		c.merge(ch);*/[m
[31m-		[m
[31m-			[m
[31m-        System.setProperty("webdriver.chrome.driver","C:\\Users\\Don\\Desktop\\Eclipse_Selenium_Cucumber\\chromedriver_win32\\chromedriver.exe");[m
[31m-		[m
[31m-        WebDriver driver=new ChromeDriver();[m
[31m-     // to maximise the browser[m
[31m-		driver.manage().window().maximize();[m
[31m-		[m
[31m-		// delete cookies[m
[31m-		driver.manage().deleteAllCookies();[m
[31m-		[m
[31m-		driver.manage().timeouts().implicitlyWait(20, TimeUnit.SECONDS);[m
[31m-		[m
[31m-		driver.get("https://www.kurtgeiger.es/");[m
[31m-	[m
[31m-			[m
[31m-		[m
[31m-		[m
[31m-					[m
[31m-		System.out.println(driver.getTitle()); // validate the Page Title[m
[31m-		[m
[31m-		System.out.println(driver.getCurrentUrl()); // validate URL is correct[m
[31m-			[m
[31m-[m
[31m-		[m
[31m-		// Handling Cookies message of main page.[m
[31m-		[m
[31m-		driver.findElement(By.id("cookie-notice-accept")).click();[m
[31m-		[m
[31m-		driver.findElement(By.xpath("//*[@id=\"top-nav\"]/ul/li[5]/div[1]/a")).click();[m
[31m-		[m
[31m-						[m
[31m-		//WebDriverWait wait = new WebDriverWait(driver, 30);[m
[31m-		//wait.until(ExpectedConditions.visibilityOfElementLocated(By.xpath("//*[@id=\"top\"]/body/div[1]/div/div[5]/div/div[3]")));[m
[31m-		[m
[31m-		JavascriptExecutor jse = (JavascriptExecutor)driver;[m
[31m-		jse.executeScript("scroll(0, 550);");[m
[31m-		[m
[31m-		driver.findElement(By.xpath("//*[@id=\"social_proof_plp_3957900979\"]/h3/a")).click();[m
[31m-		[m
[31m-		[m
[31m-		JavascriptExecutor jse1 = (JavascriptExecutor)driver;[m
[31m-		jse1.executeScript("scroll(0, 558);");[m
[31m-		[m
[31m-		[m
[31m-		[m
[31m-		driver.findElement(By.xpath("//*[@id=\"social_proof_plp_2022700209\"]/a/img")).click();[m
[31m-			[m
[31m-		[m
[31m-		//driver.findElement(By.cssSelector("#\\32 022733209")).click();[m
[31m-		[m
[31m-		//Thread.sleep(3000);[m
[31m-				[m
[31m-		driver.findElement(By.xpath("//*[@id=\"688026\"]")).click();[m
[31m-		[m
[31m-		Thread.sleep(3000);[m
[31m-		[m
[31m-		driver.findElement(By.className("add-to-cart--form-btn")).click();[m
[31m-		Thread.sleep(3000);[m
[31m-				[m
[31m-		driver.findElement(By.xpath("//*[@id=\"ss17-wrapLinksSearch\"]/ul/li[7]/a")).click();[m
[31m-		[m
[31m-		Thread.sleep(2000);[m
[31m-		[m
[31m-		driver.findElement(By.xpath("//*[@id=\"topCartContent\"]/div/div[1]/a")).click();[m
[31m-		[m
[31m-		Thread.sleep(1000);[m
[31m-				[m
[31m-		driver.findElement(By.linkText(("go to bag & checkout"))).click();[m
[31m-		[m
[31m-			[m
[31m-		 WebDriverWait wait1 = new WebDriverWait(driver, 5);[m
[31m-		[m
[31m-		 JavascriptExecutor js = (JavascriptExecutor)driver;[m
[31m-	    [m
[31m-	     [m
[31m-	     String script = "return document.getElementById(\"btn-proceed-checkout\").value;";[m
[31m-	     String text=(String) js.executeScript(script);[m
[31m-	     System.out.println(text);[m
[31m-		[m
[31m-	     js.executeScript("scroll(0, 658);");[m
[31m-	     [m
[31m-	     [m
[31m-		//presence in DOM[m
[31m-	     [m
[31m-		wait1.until(ExpectedConditions.presenceOfElementLocated(By.xpath("//*[@id=\"btn-proceed-checkout\"]/span/span")));[m
[31m-[m
[31m-[m
[31m-		//clickable[m
[31m-		 [m
[31m-		[m
[31m-		//wait1.until(ExpectedConditions.elementToBeClickable(By.linkText("Proceed to Checkout")));[m
[31m-		[m
[31m-	        [m
[31m-        //wait1.until(ExpectedConditions.visibilityOfElementLocated(By.xpath("//*[@id=\"btn-proceed-checkout\"]")));[m
[31m-[m
[31m-    	//WebElement elements = driver.findElement(By.xpath("//*[@id=\"btn-proceed-checkout\"]"));  [m
[31m-		//js.executeScript("arguments[0].scrollIntoView(true);", elements);[m
[31m-      	[m
[31m-      [m
[31m-        [m
[31m-        [m
[31m-        [m
[31m-        //driver.findElement(By.linkText("Proceed to Checkout")).click();[m
[31m-        [m
[31m-        driver.findElement(By.xpath("//*[@id=\"btn-proceed-checkout\"]")).click();[m
[31m-        [m
[31m-        System.out.println(driver.findElement(By.xpath("//*[@id=\"btn-proceed-checkout\"]")).getText());[m
[31m-        [m
[31m-       WebDriverWait wait2 = new WebDriverWait(driver, 5);    [m
[31m-       wait2.until(ExpectedConditions.visibilityOfElementLocated(By.linkText("Proceed to Checkout")));[m
[31m-       JavascriptExecutor jse2 = (JavascriptExecutor)driver;[m
[31m-	   jse2.executeScript("scroll(0, 300);");[m
[31m-				[m
[31m-		driver.findElement(By.cssSelector("#btn-proceed-checkout > span:nth-child(1) > span:nth-child(1)")).click();[m
[31m-		[m
[31m-      [m
[31m-	[m
[31m-	[m
[31m-		driver.quit(); // All test Browser close[m
[31m-	}[m
[31m-	}[m
\ No newline at end of file[m
[1mdiff --git a/src/test/java/cucumberOptions/TestRunner.java b/src/test/java/cucumberOptions/TestRunner.java[m
[1mdeleted file mode 100644[m
[1mindex 1fbe7d0..0000000[m
[1m--- a/src/test/java/cucumberOptions/TestRunner.java[m
[1m+++ /dev/null[m
[36m@@ -1,19 +0,0 @@[m
[31m-package cucumberOptions;[m
[31m-[m
[31m-import org.junit.runner.RunWith;[m
[31m-import cucumber.api.CucumberOptions;[m
[31m-import cucumber.api.junit.Cucumber;[m
[31m-[m
[31m-@RunWith(Cucumber.class)[m
[31m-[m
[31m-@CucumberOptions[m
[31m-[m
[31m-([m
[31m-		features = "src\\test\\java\\features",[m
[31m-		glue="stepDefinitions"[m
[31m-		[m
[31m-		)[m
[31m-[m
[31m-public class TestRunner {[m
[31m-	[m
[31m-}[m
[1mdiff --git a/src/test/java/features/Login.feature b/src/test/java/features/Login.feature[m
[1mdeleted file mode 100644[m
[1mindex 2078685..0000000[m
[1m--- a/src/test/java/features/Login.feature[m
[1m+++ /dev/null[m
[36m@@ -1,26 +0,0 @@[m
[31m-Feature: Shopping and Checkout[m
[31m-[m
[31m-Scenario: Home page Landing "https://www.kurtgeiger.es/"[m
[31m-Given I am on the homepage[m
[31m-When I select "brand" category from the header[m
[31m-Then I should see the list of brands[m
[31m-And I select "DKNY" brand from the list[m
[31m-Then I should see the list of products from "DKNY"[m
[31m-[m
[31m-Scenario: Men Category list of products[m
[31m-Given I am on the homepage[m
[31m-And I select men category from the header[m
[31m-Then I should see the